2021-10-16 03:49:48 [scrapy.utils.log] INFO: Scrapy 2.5.0 started (bot: jingdong)
2021-10-16 03:49:48 [scrapy.utils.log] INFO: Versions: lxml 4.6.3.0, libxml2 2.9.5, cssselect 1.1.0, parsel 1.6.0, w3lib 1.22.0, Twisted 20.3.0, Python 3.8.5 (tags/v3.8.5:580fbb0, Jul 20 2020, 15:57:54) [MSC v.1924 64 bit (AMD64)], pyOpenSSL 20.0.1 (OpenSSL 1.1.1i  8 Dec 2020), cryptography 3.3.2, Platform Windows-10-10.0.19041-SP0
2021-10-16 03:49:48 [scrapy.crawler] INFO: Overridden settings:
{'BOT_NAME': 'jingdong',
 'DOWNLOAD_DELAY': 3,
 'LOG_FILE': 'log.log',
 'LOG_LEVEL': 'INFO',
 'NEWSPIDER_MODULE': 'jingdong.spiders',
 'SPIDER_MODULES': ['jingdong.spiders'],
 'USER_AGENT': 'Mozilla/5.0 (Windows NT 10.0; Win64; x64) AppleWebKit/537.36 '
               '(KHTML, like Gecko) Chrome/94.0.4606.81 Safari/537.36'}
2021-10-16 03:49:48 [scrapy.extensions.telnet] INFO: Telnet Password: a9dc4e770a7eabde
2021-10-16 03:49:48 [scrapy.middleware] INFO: Enabled extensions:
['scrapy.extensions.corestats.CoreStats',
 'scrapy.extensions.telnet.TelnetConsole',
 'scrapy.extensions.logstats.LogStats']
2021-10-16 03:49:48 [scrapy.middleware] INFO: Enabled downloader middlewares:
['scrapy.downloadermiddlewares.httpauth.HttpAuthMiddleware',
 'scrapy.downloadermiddlewares.downloadtimeout.DownloadTimeoutMiddleware',
 'scrapy.downloadermiddlewares.defaultheaders.DefaultHeadersMiddleware',
 'scrapy.downloadermiddlewares.useragent.UserAgentMiddleware',
 'scrapy.downloadermiddlewares.retry.RetryMiddleware',
 'scrapy.downloadermiddlewares.redirect.MetaRefreshMiddleware',
 'scrapy.downloadermiddlewares.httpcompression.HttpCompressionMiddleware',
 'scrapy.downloadermiddlewares.redirect.RedirectMiddleware',
 'scrapy.downloadermiddlewares.cookies.CookiesMiddleware',
 'scrapy.downloadermiddlewares.httpproxy.HttpProxyMiddleware',
 'scrapy.downloadermiddlewares.stats.DownloaderStats']
2021-10-16 03:49:48 [scrapy.middleware] INFO: Enabled spider middlewares:
['scrapy.spidermiddlewares.httperror.HttpErrorMiddleware',
 'scrapy.spidermiddlewares.offsite.OffsiteMiddleware',
 'scrapy.spidermiddlewares.referer.RefererMiddleware',
 'scrapy.spidermiddlewares.urllength.UrlLengthMiddleware',
 'scrapy.spidermiddlewares.depth.DepthMiddleware']
2021-10-16 03:49:48 [scrapy.middleware] INFO: Enabled item pipelines:
['jingdong.pipelines.JingdongPipeline']
2021-10-16 03:49:48 [scrapy.core.engine] INFO: Spider opened
2021-10-16 03:49:48 [scrapy.extensions.logstats] INFO: Crawled 0 pages (at 0 pages/min), scraped 0 items (at 0 items/min)
2021-10-16 03:49:48 [scrapy.extensions.telnet] INFO: Telnet console listening on 127.0.0.1:6023
2021-10-16 03:49:49 [scrapy.core.engine] INFO: Closing spider (finished)
2021-10-16 03:49:49 [scrapy.statscollectors] INFO: Dumping Scrapy stats:
{'downloader/request_bytes': 314,
 'downloader/request_count': 1,
 'downloader/request_method_count/GET': 1,
 'downloader/response_bytes': 6791,
 'downloader/response_count': 1,
 'downloader/response_status_count/200': 1,
 'elapsed_time_seconds': 0.678198,
 'finish_reason': 'finished',
 'finish_time': datetime.datetime(2021, 10, 15, 19, 49, 49, 416388),
 'httpcompression/response_bytes': 22296,
 'httpcompression/response_count': 1,
 'log_count/INFO': 10,
 'response_received_count': 1,
 'scheduler/dequeued': 1,
 'scheduler/dequeued/memory': 1,
 'scheduler/enqueued': 1,
 'scheduler/enqueued/memory': 1,
 'start_time': datetime.datetime(2021, 10, 15, 19, 49, 48, 738190)}
2021-10-16 03:49:49 [scrapy.core.engine] INFO: Spider closed (finished)
